Lines are numbered from 0
Autoionizing line 'Mn' #49 will be computed
Autoionizing line 'Cr' #59 will be computed
Autoionizing line 'Cr' #93 will be computed
Autoionizing line 'Cr' #113 will be computed
Autoionizing line 'Cr' #121 will be computed
Autoionizing line 'Cr' #136 will be computed
Autoionizing line 'Cr' #141 will be computed
Autoionizing line 'Cr' #142 will be computed
Autoionizing line 'Mn' #158 will be computed
Autoionizing line 'Cr' #159 will be computed
Autoionizing line 'Cr' #162 will be computed
Autoionizing line 'Cr' #186 will be computed
Autoionizing line 'Mn' #203 will be computed
Autoionizing line 'Cr' #211 will be computed
Autoionizing line 'Cr' #228 will be computed
Autoionizing line 'Cr' #236 will be computed
Autoionizing line 'Cr' #237 will be computed
Autoionizing line 'Cr' #270 will be computed
Autoionizing line 'Cr' #279 will be computed
Autoionizing line 'Cr' #301 will be computed
Autoionizing line 'Mn' #334 will be computed
Autoionizing line 'Mn' #347 will be computed
Autoionizing line 'Cr' #387 will be computed
Autoionizing line 'Cr' #426 will be computed
Autoionizing line 'Cr' #431 will be computed
Autoionizing line 'Cr' #436 will be computed
Autoionizing line 'Cr' #438 will be computed
Autoionizing line 'Cr' #448 will be computed
Autoionizing line 'Mn' #466 will be computed
Autoionizing line 'Cr' #479 will be computed
Autoionizing line 'Cu' #492 will be computed
Autoionizing line 'Cr' #512 will be computed
Autoionizing line 'Cr' #528 will be computed
Autoionizing line 'Cr' #537 will be computed
Autoionizing line 'Cr' #549 will be computed
Autoionizing line 'Cr' #562 will be computed
Autoionizing line 'Cr' #564 will be computed
Autoionizing line 'Cr' #575 will be computed
Autoionizing line 'Cr' #579 will be computed
Autoionizing line 'Cr' #582 will be computed
Autoionizing line 'Cr' #600 will be computed
Autoionizing line 'Cr' #654 will be computed
Autoionizing line 'Cr' #655 will be computed
Autoionizing line 'Cr' #695 will be computed
Autoionizing line 'Cr' #715 will be computed
Autoionizing line 'Cr' #717 will be computed
Autoionizing line 'Mn' #737 will be computed
Autoionizing line 'Cr' #751 will be computed
Autoionizing line 'Cr' #769 will be computed
Autoionizing line 'Cr' #790 will be computed
Autoionizing line 'Cr' #819 will be computed
Autoionizing line 'Mn' #843 will be computed
Autoionizing line 'Cr' #871 will be computed
Autoionizing line 'Cr' #876 will be computed
Autoionizing line 'Cr' #881 will be computed
Autoionizing line 'Mn' #885 will be computed
Autoionizing line 'Cr' #925 will be computed
Autoionizing line 'Cr' #955 will be computed
Autoionizing line 'Cr' #961 will be computed
Autoionizing line 'Cr' #1009 will be computed
Autoionizing line 'Cr' #1017 will be computed
Autoionizing line 'Mn' #1018 will be computed
Autoionizing line 'Cr' #1019 will be computed
Autoionizing line 'Cr' #1029 will be computed
Autoionizing line 'Cr' #1032 will be computed
Autoionizing line 'Cr' #1036 will be computed
Autoionizing line 'Cr' #1037 will be computed
Autoionizing line 'Cr' #1045 will be computed
Autoionizing line 'Mn' #1049 will be computed
Autoionizing line 'Cr' #1052 will be computed
Autoionizing line 'Cr' #1073 will be computed
Autoionizing line 'Mn' #1089 will be computed
Autoionizing line 'Al' #1092 will not be computed
Autoionizing line 'Mn' #1094 will be computed
Autoionizing line 'Cr' #1131 will be computed
Autoionizing line 'Al' #1183 will not be computed
Autoionizing line 'Cr' #1188 will be computed
Autoionizing line 'Cr' #1215 will be computed
Autoionizing line 'Mn' #1231 will be computed
Autoionizing line 'Al' #1234 will not be computed
Autoionizing line 'Cr' #1265 will be computed
Autoionizing line 'Mn' #1267 will be computed
Autoionizing line 'Al' #1279 will not be computed
Autoionizing line 'Mn' #1282 will be computed
Autoionizing line 'Al' #1297 will not be computed
Autoionizing line 'Cr' #1311 will be computed
Autoionizing line 'Cr' #1320 will be computed
Autoionizing line 'Cr' #1327 will be computed
Autoionizing line 'Cr' #1335 will be computed
Autoionizing line 'Cr' #1392 will be computed
Autoionizing line 'Al' #1412 will not be computed
Autoionizing line 'Cr' #1418 will be computed
Autoionizing line 'Cr' #1434 will be computed
Autoionizing line 'Al' #1458 will not be computed
Autoionizing line 'Cr' #1483 will be computed
Autoionizing line 'Cr' #1499 will be computed
Autoionizing line 'Cr' #1523 will be computed
Autoionizing line 'Cr' #1539 will be computed
Autoionizing line 'Mn' #1571 will be computed
Autoionizing line 'Cr' #1594 will be computed
Autoionizing line 'Cr' #1598 will be computed
Autoionizing line 'Cr' #1604 will be computed
Autoionizing line 'Cr' #1626 will be computed
Autoionizing line 'Cr' #1661 will be computed
Autoionizing line 'Mn' #1682 will be computed
Autoionizing line 'Mn' #1688 will be computed
Autoionizing line 'Cr' #1711 will be computed
Autoionizing line 'Cr' #1717 will be computed
Autoionizing line 'Cr' #1721 will be computed
Autoionizing line 'Mn' #1764 will be computed
Autoionizing line 'Cr' #1766 will be computed
Autoionizing line 'Cr' #1832 will be computed
Autoionizing line 'Mn' #1844 will be computed
Autoionizing line 'Cr' #1855 will be computed
Autoionizing line 'Cr' #1857 will be computed
Autoionizing line 'Cr' #1869 will be computed
Autoionizing line 'Mn' #1878 will be computed
Autoionizing line 'Cr' #1891 will be computed
Autoionizing line 'Mn' #1892 will be computed
Autoionizing line 'Cr' #1893 will be computed
Autoionizing line 'Cr' #1920 will be computed
Autoionizing line 'Cr' #1922 will be computed
Autoionizing line 'Cr' #1926 will be computed
Autoionizing line 'Cr' #1936 will be computed
Autoionizing line 'Mn' #1952 will be computed
Autoionizing line 'Cr' #1965 will be computed
Autoionizing line 'Cr' #1980 will be computed
Autoionizing line 'Cr' #2067 will be computed
Autoionizing line 'Cr' #2077 will be computed
Autoionizing line 'Mn' #2100 will be computed
Autoionizing line 'Mn' #2114 will be computed
Autoionizing line 'Mn' #2121 will be computed
Autoionizing line 'Cr' #2140 will be computed
Autoionizing line 'Cr' #2166 will be computed
Autoionizing line 'Cr' #2182 will be computed
Autoionizing line 'Cr' #2183 will be computed
Autoionizing line 'Mn' #2187 will be computed
Autoionizing line 'Cr' #2213 will be computed
Autoionizing line 'Mn' #2214 will be computed
Autoionizing line 'Cr' #2226 will be computed
Autoionizing line 'Mn' #2234 will be computed
Autoionizing line 'Cr' #2248 will be computed
Autoionizing line 'Cr' #2249 will be computed
Autoionizing line 'Cr' #2251 will be computed
Autoionizing line 'Cr' #2252 will be computed
Autoionizing line 'Cr' #2256 will be computed
Autoionizing line 'Cr' #2261 will be computed
Autoionizing line 'Mn' #2282 will be computed
Autoionizing line 'Cr' #2294 will be computed
Autoionizing line 'Cu' #2297 will be computed
Autoionizing line 'Cr' #2304 will be computed
Autoionizing line 'Cr' #2311 will be computed
Autoionizing line 'Mn' #2342 will be computed
Autoionizing line 'Mn' #2344 will be computed
Autoionizing line 'Cr' #2351 will be computed
Autoionizing line 'Cr' #2356 will be computed
Autoionizing line 'Cr' #2369 will be computed
Autoionizing line 'Cr' #2417 will be computed
Autoionizing line 'Cr' #2420 will be computed
Autoionizing line 'Cr' #2423 will be computed
Autoionizing line 'Cr' #2444 will be computed
Autoionizing line 'Cr' #2447 will be computed
Autoionizing line 'Mn' #2468 will be computed
Autoionizing line 'Cr' #2491 will be computed
Autoionizing line 'Mn' #2498 will be computed
Autoionizing line 'Cu' #2509 will be computed
Autoionizing line 'Cu' #2515 will be computed
Autoionizing line 'Cr' #2524 will be computed
Autoionizing line 'Cr' #2532 will be computed
Autoionizing line 'Cr' #2536 will be computed
Autoionizing line 'Cr' #2554 will be computed
Autoionizing line 'Mn' #2561 will be computed
Autoionizing line 'Cr' #2572 will be computed
Autoionizing line 'Cr' #2576 will be computed
Autoionizing line 'Cr' #2581 will be computed
Autoionizing line 'Cr' #2588 will be computed
Autoionizing line 'Cr' #2589 will be computed
Autoionizing line 'Cr' #2593 will be computed
Autoionizing line 'Cr' #2614 will be computed
Autoionizing line 'Mn' #2623 will be computed
Autoionizing line 'Mn' #2634 will be computed
Autoionizing line 'Cr' #2651 will be computed
Autoionizing line 'Cr' #2658 will be computed
Autoionizing line 'Cr' #2665 will be computed
Autoionizing line 'Cr' #2671 will be computed
Autoionizing line 'Mn' #2678 will be computed
Autoionizing line 'Cu' #2687 will be computed
Autoionizing line 'Cr' #2688 will be computed
Autoionizing line 'Mn' #2703 will be computed
Autoionizing line 'Mn' #2723 will be computed
Autoionizing line 'Cr' #2733 will be computed
Autoionizing line 'Mn' #2734 will be computed
Autoionizing line 'Cr' #2756 will be computed
Autoionizing line 'Cr' #2766 will be computed
Autoionizing line 'Mn' #2772 will be computed
Autoionizing line 'Mn' #2780 will be computed
Autoionizing line 'Mn' #2787 will be computed
Autoionizing line 'Cr' #2794 will be computed
Autoionizing line 'Mn' #2802 will be computed
Autoionizing line 'Cr' #2811 will be computed
Autoionizing line 'Mn' #2847 will be computed
Autoionizing line 'Cr' #2852 will be computed
Autoionizing line 'Cr' #2860 will be computed
Autoionizing line 'Mn' #2894 will be computed
Autoionizing line 'Cr' #2902 will be computed
Autoionizing line 'Cr' #2924 will be computed
Autoionizing line 'Cr' #2925 will be computed
Autoionizing line 'Cu' #2930 will be computed
Autoionizing line 'Mn' #2935 will be computed
Autoionizing line 'Mn' #2954 will be computed
Autoionizing line 'Mn' #2971 will be computed
Autoionizing line 'Cu' #2999 will be computed
Autoionizing line 'Cr' #3015 will be computed
Autoionizing line 'Mn' #3028 will be computed
Autoionizing line 'Cr' #3033 will be computed
Autoionizing line 'Mn' #3036 will be computed
Autoionizing line 'Mn' #3054 will be computed
Autoionizing line 'Mn' #3062 will be computed
Autoionizing line 'Cr' #3066 will be computed
Autoionizing line 'Mn' #3087 will be computed
Autoionizing line 'Mn' #3102 will be computed
Autoionizing line 'Cr' #3104 will be computed
Autoionizing line 'Mn' #3117 will be computed
Autoionizing line 'Cr' #3126 will be computed
Autoionizing line 'Cr' #3160 will be computed
Autoionizing line 'Cr' #3218 will be computed
Autoionizing line 'Cr' #3227 will be computed
Autoionizing line 'Cr' #3230 will be computed
Autoionizing line 'Cr' #3240 will be computed
Autoionizing line 'Cu' #3279 will be computed
Autoionizing line 'Mn' #3294 will be computed
Autoionizing line 'Cr' #3310 will be computed
Autoionizing line 'Cr' #3314 will be computed
Autoionizing line 'Cu' #3329 will be computed
Autoionizing line 'Cr' #3355 will be computed
Autoionizing line 'Cr' #3376 will be computed
Autoionizing line 'Mn' #3385 will be computed
Autoionizing line 'Cr' #3424 will be computed
Autoionizing line 'Cu' #3457 will be computed
Autoionizing line 'Cr' #3485 will be computed
Autoionizing line 'Cr' #3501 will be computed
Autoionizing line 'Mn' #3509 will be computed
Autoionizing line 'Cr' #3511 will be computed
Autoionizing line 'Mn' #3515 will be computed
Autoionizing line 'Cr' #3547 will be computed
Autoionizing line 'Mn' #3561 will be computed
Autoionizing line 'Mn' #3577 will be computed
Autoionizing line 'Cr' #3580 will be computed
Autoionizing line 'Cr' #3589 will be computed
Autoionizing line 'Cr' #3594 will be computed
Autoionizing line 'Cr' #3597 will be computed
Autoionizing line 'Cr' #3603 will be computed
Autoionizing line 'Mn' #3617 will be computed
Autoionizing line 'Cr' #3644 will be computed
Autoionizing line 'Cr' #3645 will be computed
Autoionizing line 'Mn' #3654 will not be computed
Autoionizing line 'Mn' #3663 will be computed
Autoionizing line 'Cr' #3676 will be computed
Autoionizing line 'Mn' #3700 will be computed
Autoionizing line 'Mn' #3702 will be computed
Autoionizing line 'Mn' #3710 will be computed
Autoionizing line 'Mn' #3721 will be computed
Autoionizing line 'Cr' #3737 will be computed
Autoionizing line 'Cr' #3749 will be computed
Autoionizing line 'Cr' #3756 will be computed
Autoionizing line 'Mn' #3759 will be computed
Autoionizing line 'Mn' #3763 will be computed
Autoionizing line 'Mn' #3769 will be computed
Autoionizing line 'Cr' #3777 will be computed
Autoionizing line 'Mn' #3794 will be computed
Autoionizing line 'Mn' #3807 will be computed
Autoionizing line 'Cr' #3835 will be computed
Autoionizing line 'Cr' #3843 will be computed
Autoionizing line 'Cr' #3873 will be computed
Autoionizing line 'Cr' #3897 will be computed
Autoionizing line 'Ca' #3901 will be computed
Autoionizing line 'Mn' #3913 will be computed
Autoionizing line 'Cr' #3915 will be computed
Autoionizing line 'Cr' #3920 will be computed
Autoionizing line 'Ca' #3924 will be computed
Autoionizing line 'Cr' #3945 will be computed
Autoionizing line 'Mn' #3960 will be computed
Autoionizing line 'Cr' #3962 will be computed
Autoionizing line 'Cu' #3966 will be computed
Autoionizing line 'Mn' #3980 will be computed
Autoionizing line 'Mn' #4004 will be computed
Autoionizing line 'Cr' #4005 will be computed
Autoionizing line 'Mn' #4015 will be computed
Autoionizing line 'Mn' #4037 will be computed
Autoionizing line 'Mn' #4047 will be computed
Autoionizing line 'Mn' #4056 will be computed
Autoionizing line 'Mn' #4061 will be computed
Autoionizing line 'Mn' #4065 will be computed
Autoionizing line 'Cu' #4066 will be computed
Autoionizing line 'Mn' #4067 will be computed
Autoionizing line 'Cr' #4085 will be computed
Autoionizing line 'Cr' #4094 will be computed
Autoionizing line 'Mn' #4108 will be computed
Autoionizing line 'Mn' #4114 will be computed
Autoionizing line 'Cr' #4122 will be computed
Autoionizing line 'Cr' #4124 will be computed
Autoionizing line 'Cr' #4174 will be computed
Autoionizing line 'Ca' #4181 will be computed
Autoionizing line 'Cr' #4192 will be computed
Autoionizing line 'Ca' #4226 will be computed
Autoionizing line 'Ca' #4235 will be computed
Autoionizing line 'Cr' #4246 will be computed
Autoionizing line 'Ca' #4265 will be computed
Autoionizing line 'Cr' #4270 will be computed
Autoionizing line 'Cr' #4284 will be computed
Autoionizing line 'Ca' #4288 will be computed
Autoionizing line 'Ca' #4313 will be computed
Autoionizing line 'Mn' #4323 will be computed
Autoionizing line 'Ca' #4324 will be computed
Autoionizing line 'Cr' #4325 will be computed
Autoionizing line 'Mn' #4355 will be computed
Autoionizing line 'Mn' #4410 will not be computed
Autoionizing line 'Mn' #4417 will be computed
Autoionizing line 'Mn' #4440 will be computed
Autoionizing line 'Mn' #4451 will be computed
Autoionizing line 'Cr' #4513 will be computed
Autoionizing line 'Cr' #4529 will be computed
Autoionizing line 'Cr' #4545 will be computed
Autoionizing line 'Ca' #4557 will be computed
Autoionizing line 'Mn' #4601 will be computed
Autoionizing line 'Cr' #4622 will be computed
Autoionizing line 'Mn' #4625 will be computed
Autoionizing line 'Cr' #4634 will be computed
Autoionizing line 'Cr' #4672 will be computed
Autoionizing line 'Cr' #4705 will be computed
Autoionizing line 'Cr' #4732 will be computed
Autoionizing line 'Cr' #4744 will be computed
Autoionizing line 'Cr' #4763 will be computed
Autoionizing line 'Cr' #4777 will be computed
Autoionizing line 'Cr' #4779 will be computed
Autoionizing line 'Cr' #4817 will be computed
Autoionizing line 'Mn' #4849 will be computed
Autoionizing line 'Cr' #4913 will be computed
Autoionizing line 'Cr' #4956 will be computed
Autoionizing line 'Cr' #4970 will be computed
Autoionizing line 'Cr' #4975 will be computed
Autoionizing line 'Cr' #4982 will be computed
Autoionizing line 'Cr' #4984 will be computed
Autoionizing line 'Cr' #4986 will be computed
Autoionizing line 'Cr' #5010 will be computed
Autoionizing line 'Cr' #5084 will be computed
Autoionizing line 'Cr' #5125 will be computed
Autoionizing line 'Mn' #5126 will be computed
Autoionizing line 'Cr' #5133 will be computed
Autoionizing line 'Mn' #5147 will be computed
Autoionizing line 'Cr' #5178 will be computed
Autoionizing line 'Mn' #5213 will be computed
Autoionizing line 'Cu' #5231 will be computed
Autoionizing line 'Mn' #5237 will be computed
Autoionizing line 'Cr' #5274 will be computed
Autoionizing line 'Mn' #5317 will be computed
Autoionizing line 'Cr' #5323 will be computed
Autoionizing line 'Cu' #5337 will be computed
Autoionizing line 'Mn' #5355 will be computed
Autoionizing line 'Cr' #5377 will be computed
Autoionizing line 'Cr' #5386 will be computed
Autoionizing line 'Cr' #5391 will be computed
Autoionizing line 'Mn' #5395 will be computed
Autoionizing line 'Cr' #5400 will be computed
Autoionizing line 'Cr' #5405 will be computed
Autoionizing line 'Cr' #5422 will be computed
Autoionizing line 'Cr' #5426 will be computed
Autoionizing line 'Mn' #5435 will be computed
Autoionizing line 'Mn' #5468 will be computed
Autoionizing line 'Cr' #5469 will be computed
Autoionizing line 'Cu' #5482 will be computed
Autoionizing line 'Mn' #5485 will be computed
Autoionizing line 'Cr' #5516 will be computed
Autoionizing line 'Cr' #5527 will be computed
Autoionizing line 'Cu' #5533 will be computed
Autoionizing line 'Mn' #5537 will be computed
Autoionizing line 'Cr' #5584 will be computed
Autoionizing line 'Cr' #5592 will be computed
Autoionizing line 'Mn' #5611 will be computed
Autoionizing line 'Cr' #5656 will be computed
Autoionizing line 'Cr' #5669 will be computed
Autoionizing line 'Cr' #5681 will be computed
Autoionizing line 'Mn' #5684 will be computed
Autoionizing line 'Mn' #5721 will be computed
Autoionizing line 'Cr' #5738 will be computed
Autoionizing line 'Cr' #5756 will be computed
Autoionizing line 'Mn' #5771 will be computed
Autoionizing line 'Cr' #5772 will be computed
Autoionizing line 'Cr' #5777 will be computed
Autoionizing line 'Mn' #5778 will be computed
Autoionizing line 'Cr' #5804 will be computed
Autoionizing line 'Mn' #5829 will be computed
Autoionizing line 'Cr' #5845 will be computed
Autoionizing line 'Cu' #5912 will be computed
Autoionizing line 'Fe' #5920 will be computed
Autoionizing line 'Si' #5924 will be computed
Autoionizing line 'Cr' #5928 will be computed
Autoionizing line 'Cr' #5934 will be computed
Autoionizing line 'Mn' #5940 will be computed
Autoionizing line 'Cu' #5947 will be computed
Autoionizing line 'Mn' #5954 will be computed
Autoionizing line 'Mn' #5955 will be computed
Autoionizing line 'Mn' #5973 will be computed
Autoionizing line 'Mn' #5989 will be computed
Autoionizing line 'Cr' #5995 will be computed
Autoionizing line 'Cr' #6019 will be computed
Autoionizing line 'Mn' #6040 will be computed
Autoionizing line 'Cr' #6084 will be computed
Autoionizing line 'Cr' #6098 will be computed
Autoionizing line 'Cr' #6116 will be computed
Autoionizing line 'Cr' #6118 will be computed
Autoionizing line 'Mn' #6121 will be computed
Autoionizing line 'Fe' #6127 will be computed
Autoionizing line 'Cr' #6143 will be computed
Autoionizing line 'Mn' #6147 will be computed
Autoionizing line 'Mn' #6154 will be computed
Autoionizing line 'Cr' #6163 will be computed
Autoionizing line 'Cr' #6170 will be computed
Autoionizing line 'Mn' #6171 will be computed
Autoionizing line 'Si' #6173 will be computed
Autoionizing line 'Cr' #6199 will be computed
Autoionizing line 'Mn' #6204 will be computed
Autoionizing line 'Cu' #6236 will be computed
Autoionizing line 'Cr' #6263 will be computed
Autoionizing line 'Cr' #6340 will be computed
Autoionizing line 'Mn' #6368 will be computed
Autoionizing line 'Mn' #6381 will be computed
Autoionizing line 'Cu' #6395 will be computed
Autoionizing line 'Cu' #6401 will be computed
Autoionizing line 'Cu' #6402 will be computed
Autoionizing line 'Mg' #6414 will not be computed
Autoionizing line 'Cr' #6420 will be computed
Autoionizing line 'Cu' #6445 will be computed
Autoionizing line 'Cr' #6456 will be computed
Autoionizing line 'Cr' #6464 will be computed
Autoionizing line 'Cr' #6475 will be computed
Autoionizing line 'Mn' #6488 will be computed
Autoionizing line 'Mn' #6507 will be computed
Autoionizing line 'Cr' #6522 will be computed
Autoionizing line 'Cr' #6523 will be computed
Autoionizing line 'Cr' #6570 will be computed
Autoionizing line 'Cr' #6597 will be computed
Autoionizing line 'Cr' #6607 will be computed
Autoionizing line 'Mn' #6621 will be computed
Autoionizing line 'Mn' #6641 will be computed
Autoionizing line 'Cr' #6652 will be computed
Autoionizing line 'Cr' #6661 will be computed
Autoionizing line 'Mn' #6663 will be computed
Autoionizing line 'Mn' #6697 will be computed
Autoionizing line 'Cr' #6715 will be computed
Autoionizing line 'Cu' #6719 will be computed
Autoionizing line 'Cu' #6721 will be computed
Autoionizing line 'Mn' #6725 will be computed
Autoionizing line 'Cr' #6752 will be computed
Autoionizing line 'Cr' #6758 will be computed
Autoionizing line 'Cr' #6766 will be computed
Autoionizing line 'Fe' #6768 will be computed
Autoionizing line 'Mn' #6807 will be computed
Autoionizing line 'Cr' #6829 will be computed
Autoionizing line 'Mn' #6835 will be computed
Autoionizing line 'Cr' #6837 will be computed
Autoionizing line 'Cr' #6854 will be computed
Autoionizing line 'Cr' #6887 will be computed
Autoionizing line 'Mn' #6904 will be computed
Autoionizing line 'Cr' #6930 will be computed
Autoionizing line 'Cr' #6947 will be computed
Autoionizing line 'Cu' #6950 will be computed
Autoionizing line 'Cu' #6995 will be computed
Autoionizing line 'Cr' #6996 will be computed
Autoionizing line 'Cr' #7027 will be computed
Autoionizing line 'Cr' #7092 will be computed
Autoionizing line 'Cr' #7132 will be computed
Autoionizing line 'Cr' #7142 will be computed
Autoionizing line 'Cr' #7149 will be computed
Autoionizing line 'Cr' #7152 will be computed
Autoionizing line 'Cr' #7160 will be computed
Autoionizing line 'Cr' #7188 will be computed
Autoionizing line 'Cr' #7192 will be computed
Autoionizing line 'Cr' #7221 will be computed
Autoionizing line 'Cr' #7226 will be computed
Autoionizing line 'Cr' #7253 will be computed
Autoionizing line 'Cr' #7263 will be computed
Autoionizing line 'Cr' #7279 will be computed
Autoionizing line 'Cr' #7311 will be computed
Autoionizing line 'Cr' #7328 will be computed
Autoionizing line 'Cr' #7356 will be computed
Autoionizing line 'Cr' #7359 will be computed
Autoionizing line 'Cr' #7372 will be computed
Autoionizing line 'Mn' #7398 will be computed
Autoionizing line 'Cr' #7406 will be computed
Autoionizing line 'Cr' #7481 will be computed
Autoionizing line 'Cr' #7488 will be computed
Autoionizing line 'Cr' #7494 will be computed
Autoionizing line 'Cr' #7506 will be computed
Autoionizing line 'Cr' #7513 will be computed
Autoionizing line 'Cr' #7543 will be computed
Autoionizing line 'Cr' #7560 will be computed
Autoionizing line 'Cr' #7563 will be computed
Autoionizing line 'Cr' #7602 will be computed
Autoionizing line 'Cr' #7626 will be computed
Autoionizing line 'Cu' #7633 will be computed
Autoionizing line 'Cr' #7634 will be computed
Autoionizing line 'Cr' #7653 will be computed
Autoionizing line 'Cr' #7666 will be computed
Autoionizing line 'Cr' #7698 will be computed
Autoionizing line 'Cr' #7706 will be computed
Autoionizing line 'Mn' #7752 will be computed
Autoionizing line 'Cr' #7802 will be computed
Autoionizing line 'Cr' #7841 will be computed
Autoionizing line 'Cr' #7849 will be computed
Autoionizing line 'Cr' #7890 will be computed
Autoionizing line 'Mn' #7915 will be computed
Autoionizing line 'Mn' #7926 will be computed
Autoionizing line 'Cr' #7953 will be computed
Autoionizing line 'Cr' #8033 will be computed
Autoionizing line 'Cr' #8043 will be computed
Autoionizing line 'Mn' #8053 will be computed
Autoionizing line 'Cu' #8057 will be computed
Autoionizing line 'Cr' #8061 will be computed
Autoionizing line 'Cr' #8087 will be computed
Autoionizing line 'Mn' #8088 will be computed
Autoionizing line 'Mn' #8133 will be computed
Autoionizing line 'Cr' #8140 will be computed
Autoionizing line 'Cr' #8239 will be computed
Autoionizing line 'Mn' #8273 will be computed
Autoionizing line 'Cr' #8323 will be computed
Autoionizing line 'Cr' #8325 will be computed
Autoionizing line 'Cr' #8328 will be computed
Autoionizing line 'Cr' #8353 will be computed
Autoionizing line 'Cr' #8367 will be computed
Autoionizing line 'Cr' #8390 will be computed
Autoionizing line 'Cr' #8396 will be computed
Autoionizing line 'Cr' #8399 will be computed
Autoionizing line 'Cr' #8414 will be computed
Autoionizing line 'Cr' #8487 will be computed
Autoionizing line 'Mn' #8496 will be computed
Autoionizing line 'Cr' #8517 will be computed
Autoionizing line 'Cr' #8532 will be computed
Autoionizing line 'Cr' #8614 will be computed
Autoionizing line 'Cr' #8642 will be computed
Autoionizing line 'Fe' #8651 will be computed
Autoionizing line 'Cr' #8653 will be computed
Autoionizing line 'Cr' #8677 will be computed
Autoionizing line 'Cr' #8744 will be computed
Autoionizing line 'Cr' #8758 will be computed
Autoionizing line 'Cr' #8770 will be computed
Autoionizing line 'Cr' #8785 will be computed
Autoionizing line 'Cr' #8811 will be computed
Autoionizing line 'Fe' #8812 will be computed
Autoionizing line 'Cr' #8866 will be computed
Autoionizing line 'Cr' #8949 will be computed
Autoionizing line 'Cr' #8961 will be computed
Autoionizing line 'Cr' #8973 will be computed
Autoionizing line 'Cr' #8985 will be computed
Autoionizing line 'Cr' #9008 will be computed
Autoionizing line 'Cr' #9037 will be computed
Autoionizing line 'Fe' #9209 will be computed
Autoionizing line 'Cr' #9211 will be computed
Autoionizing line 'Mn' #9245 will be computed
Autoionizing line 'Cr' #9292 will be computed
Autoionizing line 'Mn' #9314 will be computed
Autoionizing line 'Cr' #9332 will be computed
Autoionizing line 'Mn' #9347 will be computed
Autoionizing line 'Mn' #9375 will be computed
Autoionizing line 'Mn' #9458 will be computed
Autoionizing line 'Mn' #9530 will be computed
Autoionizing line 'Cr' #9546 will be computed
Autoionizing line 'Mn' #9568 will be computed
Autoionizing line 'Cr' #9593 will be computed
Autoionizing line 'Cr' #9752 will be computed
Autoionizing line 'Cr' #9776 will be computed
Autoionizing line 'Mn' #9782 will be computed
Autoionizing line 'Cu' #9836 will be computed
Autoionizing line 'Cr' #9841 will be computed
Autoionizing line 'Cr' #9843 will be computed
Autoionizing line 'Mn' #9845 will be computed
Autoionizing line 'Cr' #9895 will be computed
Autoionizing line 'Cr' #9927 will be computed
Autoionizing line 'Cr' #9932 will be computed
Autoionizing line 'Cr' #9940 will be computed
Autoionizing line 'Fe' #9948 will be computed
Autoionizing line 'Fe' #9950 will be computed
Autoionizing line 'Cr' #9964 will be computed
Autoionizing line 'Cr' #9976 will be computed
Autoionizing line 'Cr' #10027 will be computed
Autoionizing line 'Mn' #10075 will be computed
Autoionizing line 'Cr' #10097 will be computed
Autoionizing line 'Cr' #10121 will be computed
Autoionizing line 'Cr' #10167 will be computed
Autoionizing line 'Mn' #10189 will be computed
Autoionizing line 'Fe' #10279 will be computed
Autoionizing line 'Cu' #10287 will be computed
Autoionizing line 'Cr' #10427 will be computed
Autoionizing line 'Cu' #10430 will be computed
Autoionizing line 'Mn' #10466 will be computed
Autoionizing line 'Cr' #10590 will be computed
Autoionizing line 'Cr' #10774 will be computed
Autoionizing line 'Mn' #10794 will be computed
Autoionizing line 'Cu' #10801 will be computed
Autoionizing line 'Fe' #10826 will be computed
Autoionizing line 'Cr' #10831 will be computed
Autoionizing line 'Cr' #10833 will be computed
Autoionizing line 'Cr' #10877 will be computed
Autoionizing line 'Cr' #10919 will be computed
Autoionizing line 'Cr' #10928 will be computed
Autoionizing line 'Cu' #10972 will be computed
Autoionizing line 'Cr' #11022 will be computed
Autoionizing line 'Cr' #11067 will be computed
Autoionizing line 'Cr' #11084 will be computed
Autoionizing line 'Mn' #11134 will be computed
Autoionizing line 'Mn' #11163 will be computed
Autoionizing line 'Mn' #11177 will be computed
Autoionizing line 'Cr' #11187 will be computed
Autoionizing line 'Cr' #11279 will be computed
Autoionizing line 'Cr' #11332 will be computed
Autoionizing line 'Mn' #11394 will be computed
Autoionizing line 'Cr' #11428 will be computed
Autoionizing line 'Cr' #11466 will be computed
Autoionizing line 'Cr' #11467 will be computed
Autoionizing line 'Cr' #11527 will be computed
Autoionizing line 'Mn' #11551 will be computed
Autoionizing line 'Cr' #11626 will be computed
Autoionizing line 'Cr' #11679 will be computed
Autoionizing line 'Mn' #11731 will be computed
Autoionizing line 'Cr' #11756 will be computed
Autoionizing line 'Cr' #11758 will be computed
Autoionizing line 'Cr' #11786 will be computed
Autoionizing line 'Cr' #11816 will be computed
Autoionizing line 'Cr' #11875 will be computed
Autoionizing line 'Ca' #12062 will be computed
Autoionizing line 'Cr' #12079 will be computed
Autoionizing line 'Cr' #12103 will be computed
Autoionizing line 'Mn' #12125 will be computed
Autoionizing line 'Cr' #12142 will be computed
Autoionizing line 'Cr' #12275 will be computed
Autoionizing line 'Cr' #12308 will be computed
Autoionizing line 'S' #12347 will be computed
Autoionizing line 'S' #12348 will be computed
Autoionizing line 'Mn' #12351 will be computed
Autoionizing line 'Cr' #12366 will be computed
Autoionizing line 'Cr' #12390 will be computed
Autoionizing line 'S' #12391 will be computed
Autoionizing line 'Cu' #12452 will be computed
Autoionizing line 'Mn' #12475 will be computed
Autoionizing line 'Cr' #12483 will be computed
Autoionizing line 'Cu' #12487 will be computed
Autoionizing line 'Cr' #12518 will be computed
Autoionizing line 'Cr' #12557 will be computed
Autoionizing line 'Cr' #12563 will be computed
Autoionizing line 'Cr' #12591 will be computed
Autoionizing line 'Cr' #12597 will be computed
Autoionizing line 'Ca' #12611 will be computed
Autoionizing line 'Cr' #12612 will be computed
Autoionizing line 'Mn' #12639 will be computed
Autoionizing line 'Mn' #12663 will be computed
Autoionizing line 'Cr' #12668 will be computed
Autoionizing line 'Cr' #12675 will be computed
Autoionizing line 'Mn' #12729 will be computed
Autoionizing line 'Mn' #12731 will not be computed
Autoionizing line 'Cr' #12749 will be computed
Autoionizing line 'Cr' #12825 will be computed
Autoionizing line 'Cr' #12867 will be computed
Autoionizing line 'Cr' #12911 will be computed
Autoionizing line 'Mn' #12912 will be computed
Autoionizing line 'Mn' #12915 will be computed
Autoionizing line 'Mg' #12929 will not be computed
Autoionizing line 'Cr' #12939 will be computed
Autoionizing line 'Cr' #13046 will be computed
Autoionizing line 'Cr' #13048 will be computed
Autoionizing line 'Cr' #13058 will be computed
Autoionizing line 'Mn' #13074 will not be computed
Autoionizing line 'Mn' #13076 will be computed
Autoionizing line 'Mn' #13137 will be computed
Autoionizing line 'Mn' #13138 will be computed
Autoionizing line 'Mn' #13158 will be computed
Autoionizing line 'Cr' #13208 will be computed
Autoionizing line 'Cr' #13246 will be computed
Autoionizing line 'Cr' #13271 will be computed
Autoionizing line 'Mn' #13283 will be computed
Autoionizing line 'Cr' #13287 will be computed
Autoionizing line 'Cr' #13293 will be computed
Autoionizing line 'Mn' #13299 will be computed
Autoionizing line 'Mn' #13349 will be computed
Autoionizing line 'Mn' #13351 will be computed
Autoionizing line 'Mn' #13376 will be computed
Autoionizing line 'Mn' #13377 will be computed
Autoionizing line 'Cr' #13384 will be computed
Autoionizing line 'Cr' #13395 will be computed
Autoionizing line 'Mn' #13426 will be computed
Autoionizing line 'Mn' #13459 will be computed
Autoionizing line 'Cr' #13514 will be computed
Autoionizing line 'Cr' #13535 will be computed
Autoionizing line 'Cr' #13567 will be computed
Autoionizing line 'Mn' #13581 will be computed
Autoionizing line 'Cr' #13655 will be computed
Autoionizing line 'Mn' #13658 will be computed
Autoionizing line 'Cr' #13680 will be computed
Autoionizing line 'Cr' #13682 will be computed
Autoionizing line 'Cr' #13684 will be computed
Autoionizing line 'Mn' #13715 will be computed
Autoionizing line 'Cr' #13727 will be computed
Autoionizing line 'Mn' #13738 will be computed
Autoionizing line 'Mn' #13750 will be computed
Autoionizing line 'Cr' #13767 will be computed
Autoionizing line 'Mn' #13789 will be computed
Autoionizing line 'Cr' #13800 will be computed
Autoionizing line 'Mn' #13814 will be computed
Autoionizing line 'Mn' #13833 will be computed
Autoionizing line 'Cr' #13838 will be computed
Autoionizing line 'Mn' #13850 will be computed
Autoionizing line 'Mn' #13859 will be computed
Autoionizing line 'Cr' #13881 will be computed
Autoionizing line 'Cr' #13883 will be computed
Autoionizing line 'Cr' #13903 will be computed
Autoionizing line 'Cr' #13927 will be computed
Autoionizing line 'Mn' #13947 will be computed
Autoionizing line 'Cr' #13962 will be computed
Autoionizing line 'Mn' #13971 will be computed
Autoionizing line 'Cr' #13977 will be computed
Autoionizing line 'Mn' #13982 will be computed
Autoionizing line 'Mn' #14064 will be computed
Autoionizing line 'Cr' #14113 will be computed
Autoionizing line 'Cr' #14134 will be computed
Autoionizing line 'Cr' #14139 will be computed
Autoionizing line 'Mn' #14151 will be computed
Autoionizing line 'Mn' #14153 will be computed
Autoionizing line 'Mn' #14194 will be computed
Autoionizing line 'Mn' #14205 will not be computed
Autoionizing line 'Mn' #14208 will be computed
Autoionizing line 'Cr' #14247 will be computed
Autoionizing line 'Cr' #14257 will be computed
Autoionizing line 'Mn' #14260 will be computed
Autoionizing line 'Cr' #14266 will be computed
Autoionizing line 'Mn' #14271 will be computed
Autoionizing line 'Mn' #14286 will be computed
Autoionizing line 'Cr' #14295 will be computed
Autoionizing line 'Mn' #14324 will be computed
Autoionizing line 'Mn' #14325 will be computed
Autoionizing line 'Mn' #14342 will be computed
Autoionizing line 'Mn' #14386 will be computed
Autoionizing line 'Cr' #14409 will be computed
Autoionizing line 'Cr' #14428 will be computed
Autoionizing line 'Cr' #14454 will be computed
Autoionizing line 'Cr' #14470 will be computed
Autoionizing line 'Mn' #14474 will be computed
Autoionizing line 'Cr' #14488 will be computed
Autoionizing line 'Mn' #14505 will be computed
Autoionizing line 'Cr' #14514 will be computed
Autoionizing line 'Cr' #14521 will be computed
Autoionizing line 'Mn' #14523 will be computed
Autoionizing line 'Cr' #14534 will be computed
Autoionizing line 'Cr' #14549 will be computed
Autoionizing line 'Cr' #14553 will be computed
Autoionizing line 'Cr' #14559 will be computed
Autoionizing line 'Cr' #14567 will be computed
Autoionizing line 'Mn' #14585 will be computed
Autoionizing line 'Cr' #14602 will be computed
Autoionizing line 'Mn' #14638 will be computed
Autoionizing line 'Cr' #14651 will be computed
Autoionizing line 'Cr' #14661 will be computed
Autoionizing line 'Cr' #14665 will be computed
Autoionizing line 'Mn' #14674 will be computed
Autoionizing line 'Cr' #14688 will be computed
Autoionizing line 'Mn' #14689 will be computed
Autoionizing line 'Cr' #14694 will be computed
Autoionizing line 'Cr' #14695 will be computed
Autoionizing line 'Cr' #14696 will be computed
Autoionizing line 'Mn' #14714 will be computed
Autoionizing line 'Cr' #14720 will be computed
Autoionizing line 'Mn' #14729 will be computed
Autoionizing line 'Mn' #14741 will be computed
Autoionizing line 'Cr' #14803 will be computed
Autoionizing line 'Mn' #14809 will be computed
Autoionizing line 'Cr' #14811 will be computed
Autoionizing line 'Mn' #14856 will be computed
Autoionizing line 'Mn' #14859 will be computed
Autoionizing line 'Cr' #14863 will be computed
Autoionizing line 'Cr' #14868 will be computed
Autoionizing line 'Mn' #14896 will be computed
Autoionizing line 'Mn' #14902 will be computed
Autoionizing line 'Mn' #14923 will be computed
Autoionizing line 'Ca' #14927 will be computed
Autoionizing line 'Mn' #15006 will be computed
Autoionizing line 'Mn' #15010 will be computed
Autoionizing line 'Mn' #15017 will be computed
Autoionizing line 'Mn' #15023 will be computed
Autoionizing line 'Mn' #15027 will be computed
Autoionizing line 'Ca' #15036 will be computed
Autoionizing line 'Mn' #15056 will be computed
Autoionizing line 'Mn' #15088 will be computed
Autoionizing line 'Ca' #15125 will be computed
Autoionizing line 'Cr' #15129 will be computed
Autoionizing line 'Ca' #15130 will be computed
Autoionizing line 'Cr' #15223 will be computed
Autoionizing line 'Ca' #15230 will be computed
Autoionizing line 'Mn' #15259 will be computed
Autoionizing line 'Ca' #15262 will be computed
Autoionizing line 'Ca' #15276 will be computed
Autoionizing line 'Cr' #15362 will be computed
Autoionizing line 'Cr' #15427 will be computed
Autoionizing line 'Mn' #15432 will be computed
Autoionizing line 'Mn' #15459 will be computed
Autoionizing line 'Cr' #15467 will be computed
Autoionizing line 'Cr' #15477 will be computed
Autoionizing line 'Cr' #15482 will be computed
Autoionizing line 'Cr' #15543 will be computed
Autoionizing line 'Mn' #15546 will be computed
Autoionizing line 'Cr' #15635 will be computed
Autoionizing line 'Cr' #15648 will be computed
Autoionizing line 'Cr' #15756 will be computed
Autoionizing line 'Cr' #15854 will be computed
Autoionizing line 'Cr' #15861 will be computed
Autoionizing line 'Ca' #15975 will be computed
Autoionizing line 'Cr' #16082 will be computed
Autoionizing line 'Cr' #16114 will be computed
Autoionizing line 'Cr' #16125 will be computed
Autoionizing line 'Cr' #16145 will be computed
Autoionizing line 'Cr' #16177 will be computed
Autoionizing line 'Cr' #16228 will be computed
Autoionizing line 'Cr' #16254 will be computed
Autoionizing line 'Cr' #16344 will be computed
Autoionizing line 'Cr' #16398 will be computed
Autoionizing line 'Cr' #16418 will be computed
Autoionizing line 'Cr' #16469 will be computed
Autoionizing line 'Cr' #16545 will be computed
Autoionizing line 'Mn' #16588 will be computed
Autoionizing line 'S' #16629 will be computed
Autoionizing line 'S' #16630 will be computed
Autoionizing line 'S' #16631 will be computed
Autoionizing line 'S' #16632 will be computed
Autoionizing line 'S' #16633 will be computed
Autoionizing line 'Cr' #16775 will be computed
Autoionizing line 'S' #16852 will be computed
Autoionizing line 'S' #16853 will be computed
Autoionizing line 'S' #16854 will be computed
Autoionizing line 'S' #16855 will be computed
Autoionizing line 'Cr' #16880 will be computed
Autoionizing line 'Cr' #16881 will be computed
Autoionizing line 'Cr' #16924 will be computed
Autoionizing line 'Ca' #16932 will be computed
Autoionizing line 'Mn' #16957 will be computed
Autoionizing line 'Cr' #17002 will be computed
Autoionizing line 'S' #17006 will be computed
Autoionizing line 'S' #17007 will be computed
Autoionizing line 'S' #17008 will be computed
Autoionizing line 'Mn' #17009 will be computed
Autoionizing line 'Cr' #17056 will be computed
Autoionizing line 'S' #17140 will be computed
Autoionizing line 'Ca' #17209 will be computed
Autoionizing line 'Cr' #17254 will be computed
Autoionizing line 'Cr' #17278 will be computed
Autoionizing line 'S' #17299 will be computed
Autoionizing line 'S' #17300 will be computed
Autoionizing line 'Cr' #17305 will be computed
Autoionizing line 'Cr' #17382 will be computed
Autoionizing line 'Cr' #17451 will be computed
Autoionizing line 'S' #17471 will be computed
Autoionizing line 'Cr' #17519 will be computed
Autoionizing line 'Mn' #17545 will be computed
Autoionizing line 'Mn' #17575 will be computed
Autoionizing line 'Cr' #17585 will be computed
Autoionizing line 'Cr' #17800 will be computed
Autoionizing line 'Cr' #17837 will be computed
Autoionizing line 'Cr' #17857 will be computed
Autoionizing line 'Mn' #17876 will be computed
Autoionizing line 'Cr' #17882 will be computed
Autoionizing line 'Cr' #17901 will be computed
Autoionizing line 'Cr' #17913 will be computed
Autoionizing line 'Ca' #17969 will be computed
Autoionizing line 'Mn' #17978 will be computed
Autoionizing line 'Mn' #17980 will not be computed
Autoionizing line 'Mn' #17998 will be computed
Autoionizing line 'Mn' #18007 will be computed
Autoionizing line 'Mg' #18027 will not be computed
Autoionizing line 'Mg' #18031 will not be computed
Autoionizing line 'Cr' #18043 will be computed
Autoionizing line 'Cr' #18046 will be computed
Autoionizing line 'Mg' #18066 will not be computed
Autoionizing line 'Mg' #18088 will not be computed
Autoionizing line 'Cr' #18099 will be computed
Autoionizing line 'Cr' #18109 will be computed
Autoionizing line 'Mg' #18128 will not be computed
Autoionizing line 'Cr' #18145 will be computed
Autoionizing line 'Mg' #18166 will not be computed
Autoionizing line 'Mg' #18169 will not be computed
Autoionizing line 'Mn' #18190 will be computed
Autoionizing line 'Mg' #18193 will not be computed
Autoionizing line 'S' #18199 will be computed
Autoionizing line 'S' #18200 will be computed
Autoionizing line 'S' #18201 will be computed
Autoionizing line 'S' #18202 will be computed
Autoionizing line 'S' #18203 will be computed
Autoionizing line 'Cr' #18211 will be computed
Autoionizing line 'Cr' #18228 will be computed
Autoionizing line 'Mn' #18265 will be computed
Autoionizing line 'S' #18272 will be computed
Autoionizing line 'Mn' #18279 will be computed
Autoionizing line 'Cr' #18320 will be computed
Autoionizing line 'Ca' #18328 will be computed
Autoionizing line 'Ca' #18339 will be computed
Autoionizing line 'Mn' #18361 will be computed
Autoionizing line 'Cr' #18398 will be computed
Autoionizing line 'S' #18419 will be computed
Autoionizing line 'Mn' #18458 will be computed
Autoionizing line 'S' #18505 will be computed
Autoionizing line 'S' #18644 will be computed
Autoionizing line 'S' #18645 will be computed
Autoionizing line 'Mn' #18687 will be computed
Autoionizing line 'Mn' #18693 will be computed
Autoionizing line 'S' #18718 will be computed
Autoionizing line 'Cr' #18741 will be computed
Autoionizing line 'Cr' #18779 will be computed
Autoionizing line 'Mn' #18828 will be computed
Autoionizing line 'Cr' #18938 will be computed
Autoionizing line 'Mn' #18943 will be computed
Autoionizing line 'Mn' #18982 will be computed
Autoionizing line 'Cr' #18999 will be computed
Autoionizing line 'Ca' #19019 will be computed
Autoionizing line 'Ca' #19022 will be computed
Autoionizing line 'Cr' #19025 will be computed
Autoionizing line 'Cr' #19031 will be computed
Autoionizing line 'Cr' #19045 will be computed
Autoionizing line 'Cr' #19062 will be computed
Autoionizing line 'Cr' #19076 will be computed
Autoionizing line 'Ca' #19098 will be computed
Autoionizing line 'Ca' #19167 will be computed
Autoionizing line 'Cr' #19171 will be computed
Autoionizing line 'Cr' #19188 will be computed
Autoionizing line 'Mn' #19234 will be computed
Autoionizing line 'Cr' #19240 will be computed
Autoionizing line 'Cr' #19281 will be computed
Autoionizing line 'Ca' #19282 will be computed
Autoionizing line 'Mn' #19286 will be computed
Autoionizing line 'Cr' #19327 will be computed
Autoionizing line 'Mn' #19336 will be computed
Autoionizing line 'Cr' #19353 will be computed
Autoionizing line 'Cr' #19357 will be computed
Autoionizing line 'Mn' #19369 will not be computed
Autoionizing line 'Cr' #19467 will be computed
Autoionizing line 'Cr' #19554 will be computed
Autoionizing line 'Cr' #19579 will be computed
Autoionizing line 'Cr' #19599 will be computed
Autoionizing line 'Cr' #19606 will be computed
Autoionizing line 'Mn' #19627 will be computed
Autoionizing line 'Cr' #19635 will be computed
Autoionizing line 'Cr' #19670 will be computed
Autoionizing line 'Cr' #19723 will be computed
Autoionizing line 'Mn' #19734 will be computed
Autoionizing line 'Cr' #19742 will be computed
Autoionizing line 'Cr' #19766 will be computed
Autoionizing line 'Cr' #19789 will be computed
Autoionizing line 'Mn' #19819 will be computed
Autoionizing line 'Mn' #19825 will be computed
Autoionizing line 'Ca' #19854 will be computed
Autoionizing line 'Cr' #19858 will be computed
Autoionizing line 'Cr' #19878 will be computed
Autoionizing line 'Mn' #19968 will be computed
Autoionizing line 'Cr' #19973 will be computed
Autoionizing line 'Cr' #19977 will be computed
Autoionizing line 'Cr' #19981 will be computed
Autoionizing line 'Cr' #19985 will be computed
Autoionizing line 'Cr' #20003 will be computed
Autoionizing line 'Mn' #20012 will be computed
Autoionizing line 'Cr' #20056 will be computed
Autoionizing line 'Mn' #20063 will be computed
Autoionizing line 'Cr' #20074 will be computed
Autoionizing line 'Cr' #20100 will be computed
Autoionizing line 'Mn' #20102 will be computed
Autoionizing line 'Cr' #20103 will be computed
Autoionizing line 'Cr' #20107 will be computed
Autoionizing line 'Cr' #20113 will be computed
Autoionizing line 'Mn' #20130 will be computed
Autoionizing line 'Cr' #20195 will be computed
Autoionizing line 'Cr' #20219 will be computed
Autoionizing line 'Cr' #20236 will be computed
Autoionizing line 'Mn' #20298 will be computed
Autoionizing line 'Cr' #20360 will be computed
Autoionizing line 'Cr' #20379 will be computed
Autoionizing line 'Ca' #20391 will be computed
Autoionizing line 'Cr' #20402 will be computed
Autoionizing line 'Mn' #20416 will be computed
Autoionizing line 'Cr' #20444 will be computed
Autoionizing line 'Mn' #20448 will not be computed
Autoionizing line 'Mn' #20449 will be computed
Autoionizing line 'Cr' #20456 will be computed
Autoionizing line 'Cr' #20467 will be computed
Autoionizing line 'Ca' #20480 will be computed
Autoionizing line 'Cr' #20513 will be computed
Autoionizing line 'Ca' #20541 will be computed
Autoionizing line 'Ca' #20572 will be computed
Autoionizing line 'Cr' #20574 will be computed
Autoionizing line 'Cr' #20602 will be computed
Autoionizing line 'Cr' #20640 will be computed
Autoionizing line 'Ca' #20650 will be computed
Autoionizing line 'Cr' #20687 will be computed
Autoionizing line 'Ca' #20693 will be computed
Autoionizing line 'Cr' #20714 will be computed
Autoionizing line 'Ca' #20731 will be computed
Autoionizing line 'Cr' #20740 will be computed
Autoionizing line 'Cr' #20759 will be computed
Autoionizing line 'Mn' #20799 will be computed
Autoionizing line 'Ca' #20827 will be computed
Autoionizing line 'Mn' #20831 will be computed
Autoionizing line 'Mn' #20854 will not be computed
Autoionizing line 'Mn' #20855 will be computed
Autoionizing line 'Mg' #20859 will not be computed
Autoionizing line 'Mn' #20860 will be computed
Autoionizing line 'Cr' #20926 will be computed
Autoionizing line 'Mn' #20942 will be computed
Autoionizing line 'Cr' #20973 will be computed
Autoionizing line 'Mn' #21004 will be computed
Autoionizing line 'Mn' #21017 will be computed
Autoionizing line 'Mn' #21028 will be computed
Autoionizing line 'Mn' #21031 will not be computed
Autoionizing line 'Cr' #21047 will be computed
Autoionizing line 'Cr' #21064 will be computed
Autoionizing line 'Cr' #21117 will be computed
Autoionizing line 'Cr' #21127 will be computed
Autoionizing line 'Cr' #21153 will be computed
Autoionizing line 'Cr' #21174 will be computed
Autoionizing line 'Cr' #21176 will be computed
Autoionizing line 'Mn' #21242 will be computed
Autoionizing line 'Cr' #21258 will be computed
Autoionizing line 'Mn' #21262 will be computed
Autoionizing line 'Cr' #21297 will be computed
Autoionizing line 'Cr' #21322 will be computed
Autoionizing line 'Cr' #21337 will be computed
Autoionizing line 'Cr' #21371 will be computed
Autoionizing line 'Cr' #21401 will be computed
Autoionizing line 'Cr' #21402 will be computed
Autoionizing line 'Cr' #21419 will be computed
Autoionizing line 'Ca' #21423 will be computed
Autoionizing line 'Mn' #21449 will be computed
Autoionizing line 'Cr' #21468 will be computed
Autoionizing line 'Ca' #21474 will be computed
Autoionizing line 'Ca' #21488 will be computed
Autoionizing line 'Ca' #21503 will be computed
Autoionizing line 'Ca' #21515 will be computed
Autoionizing line 'Mn' #21519 will be computed
Autoionizing line 'Ca' #21537 will be computed
Autoionizing line 'Ca' #21544 will be computed
Autoionizing line 'Ca' #21547 will be computed
Autoionizing line 'Cr' #21564 will be computed
Autoionizing line 'Cr' #21569 will be computed
Autoionizing line 'Cr' #21590 will be computed
Autoionizing line 'Mn' #21606 will be computed
Autoionizing line 'Cr' #21619 will be computed
Autoionizing line 'Cr' #21654 will be computed
Autoionizing line 'Cr' #21671 will be computed
Autoionizing line 'Cr' #21678 will be computed
Autoionizing line 'Cr' #21690 will be computed
Autoionizing line 'Cr' #21705 will be computed
Autoionizing line 'Cr' #21715 will be computed
Autoionizing line 'Cr' #21716 will be computed
Autoionizing line 'Cr' #21729 will be computed
Autoionizing line 'Cr' #21735 will be computed
Autoionizing line 'Cr' #21746 will be computed
Autoionizing line 'Cr' #21748 will be computed
Autoionizing line 'Cr' #21751 will be computed
Autoionizing line 'Cr' #21768 will be computed
Autoionizing line 'Ca' #21781 will be computed
Autoionizing line 'Cr' #21783 will be computed
Autoionizing line 'Cr' #21788 will be computed
Autoionizing line 'Cr' #21790 will be computed
Autoionizing line 'Cr' #21800 will be computed
Autoionizing line 'Cr' #21807 will be computed
Autoionizing line 'Cr' #21811 will be computed
Autoionizing line 'Mn' #21836 will be computed
Autoionizing line 'Cr' #21868 will be computed
Autoionizing line 'Cr' #21876 will be computed
Autoionizing line 'Cr' #21926 will be computed
Autoionizing line 'Cr' #21939 will be computed
Autoionizing line 'Cr' #21957 will be computed
Autoionizing line 'Cr' #21975 will be computed
Autoionizing line 'Cr' #21990 will be computed
Autoionizing line 'Cr' #22050 will be computed
Autoionizing line 'Mn' #22061 will be computed
Autoionizing line 'Cr' #22078 will be computed
Autoionizing line 'Cr' #22124 will be computed
Autoionizing line 'Cr' #22157 will be computed
Autoionizing line 'Cr' #22168 will be computed
Autoionizing line 'Cr' #22178 will be computed
Autoionizing line 'Cr' #22180 will be computed
Autoionizing line 'Cr' #22181 will be computed
Autoionizing line 'Cr' #22193 will be computed
Autoionizing line 'Cr' #22245 will be computed
Autoionizing line 'Cr' #22352 will be computed
Autoionizing line 'Cr' #22378 will be computed
Autoionizing line 'Cr' #22406 will be computed
Autoionizing line 'Ca' #22450 will be computed
Autoionizing line 'Ca' #22474 will be computed
Autoionizing line 'Cr' #22476 will be computed
Autoionizing line 'Mn' #22536 will be computed
Autoionizing line 'Cr' #22552 will be computed
Autoionizing line 'Ca' #22623 will be computed
Autoionizing line 'Ca' #22632 will be computed
Autoionizing line 'Ca' #22668 will be computed
Autoionizing line 'Ca' #22676 will be computed
Autoionizing line 'Ca' #22683 will be computed
Autoionizing line 'Cr' #22782 will be computed
Autoionizing line 'Mn' #22796 will be computed
Autoionizing line 'Ca' #22824 will be computed
Autoionizing line 'Cr' #22881 will be computed
Autoionizing line 'Cu' #22958 will be computed
Autoionizing line 'Cr' #22973 will not be computed
Autoionizing line 'Cr' #22974 will be computed
Autoionizing line 'Mn' #23001 will be computed
Autoionizing line 'Cr' #23073 will be computed
Autoionizing line 'Mn' #23172 will be computed
Autoionizing line 'Cr' #23214 will be computed
Autoionizing line 'Cr' #23237 will be computed
Autoionizing line 'Cr' #23274 will be computed
Autoionizing line 'Cr' #23314 will be computed
Autoionizing line 'Mn' #23353 will be computed
Autoionizing line 'Ca' #23395 will be computed
Autoionizing line 'Cr' #23401 will be computed
Autoionizing line 'Cr' #23406 will not be computed
Autoionizing line 'Mn' #23462 will be computed
Autoionizing line 'Ca' #23463 will be computed
Autoionizing line 'Cr' #23503 will be computed
Autoionizing line 'Cr' #23553 will be computed
Autoionizing line 'Cr' #23700 will be computed
Autoionizing line 'Cr' #23736 will be computed
Autoionizing line 'Cr' #23938 will be computed
Autoionizing line 'Cr' #23955 will be computed
Autoionizing line 'Mn' #23961 will be computed
Autoionizing line 'Ca' #24148 will be computed
Autoionizing line 'Ca' #24188 will be computed
Autoionizing line 'Ca' #24194 will be computed
Autoionizing line 'Mn' #24198 will be computed
Autoionizing line 'Ca' #24206 will be computed
Autoionizing line 'Cr' #24271 will be computed
Autoionizing line 'Ca' #24293 will be computed
Autoionizing line 'Cr' #24366 will be computed
Autoionizing line 'Cr' #24376 will be computed
Autoionizing line 'Cr' #24385 will be computed
Autoionizing line 'Cr' #24399 will be computed
Autoionizing line 'Mn' #24428 will be computed
Autoionizing line 'Cr' #24450 will be computed
Autoionizing line 'Mn' #24462 will be computed
Autoionizing line 'Cu' #24465 will be computed
Autoionizing line 'Cr' #24470 will be computed
Autoionizing line 'Mn' #24511 will be computed
Autoionizing line 'Mn' #24520 will be computed
Autoionizing line 'Mn' #24529 will be computed
Autoionizing line 'Ca' #24553 will be computed
Autoionizing line 'Ca' #24600 will be computed
Autoionizing line 'Cr' #24809 will be computed
Autoionizing line 'Cr' #24839 will be computed
Autoionizing line 'Mn' #24859 will be computed
Autoionizing line 'Cr' #24869 will be computed
Autoionizing line 'Cr' #24876 will be computed
Autoionizing line 'Mn' #24923 will be computed
Autoionizing line 'Cr' #24984 will be computed
Autoionizing line 'Cr' #25033 will be computed
Autoionizing line 'Mn' #25060 will be computed
Autoionizing line 'Mn' #25091 will be computed
Autoionizing line 'Cr' #25245 will be computed
Autoionizing line 'Fe' #25250 will be computed
Autoionizing line 'Cr' #25382 will be computed
Autoionizing line 'Cr' #25404 will be computed
Autoionizing line 'Mn' #25427 will be computed
Autoionizing line 'Fe' #25527 will be computed
Autoionizing line 'Mn' #25529 will be computed
Autoionizing line 'Cr' #25550 will be computed
Autoionizing line 'Ca' #25587 will be computed
Autoionizing line 'Cr' #25628 will be computed
Autoionizing line 'Cu' #25634 will be computed
Autoionizing line 'Ca' #25667 will be computed
Autoionizing line 'Cr' #25671 will be computed
Autoionizing line 'Ca' #25690 will be computed
Autoionizing line 'Cr' #25727 will be computed
Autoionizing line 'Cr' #25733 will be computed
Autoionizing line 'Ca' #25734 will be computed
Autoionizing line 'Mn' #25809 will be computed
Autoionizing line 'Cr' #25814 will be computed
Autoionizing line 'Cu' #25838 will be computed
Autoionizing line 'Cr' #25916 will be computed
Autoionizing line 'Cr' #25946 will be computed
Autoionizing line 'Cr' #25947 will not be computed
Autoionizing line 'Cr' #26006 will be computed
Autoionizing line 'Cr' #26024 will be computed
Autoionizing line 'Cr' #26063 will be computed
Autoionizing line 'Ca' #26099 will be computed
Autoionizing line 'Ca' #26104 will be computed
Autoionizing line 'Cr' #26145 will be computed
Autoionizing line 'Ca' #26166 will be computed
Autoionizing line 'Cr' #26168 will be computed
Autoionizing line 'Cu' #26181 will be computed
Autoionizing line 'Ca' #26199 will be computed
Autoionizing line 'Cr' #26203 will be computed
Autoionizing line 'Cr' #26211 will be computed
Autoionizing line 'Ca' #26213 will be computed
Autoionizing line 'Cr' #26230 will be computed
Autoionizing line 'Cr' #26238 will be computed
Autoionizing line 'Ca' #26250 will be computed
Autoionizing line 'Cr' #26305 will be computed
Autoionizing line 'Cr' #26317 will be computed
Autoionizing line 'Cr' #26385 will be computed
Autoionizing line 'Cr' #26390 will be computed
Autoionizing line 'Fe' #26392 will be computed
Autoionizing line 'Cr' #26400 will be computed
Autoionizing line 'Fe' #26488 will be computed
Autoionizing line 'Cr' #26491 will be computed
Autoionizing line 'Fe' #26506 will be computed
Autoionizing line 'Fe' #26516 will be computed
Autoionizing line 'Cu' #26536 will be computed
Autoionizing line 'Cr' #26558 will be computed
Autoionizing line 'Cr' #26572 will be computed
Autoionizing line 'Cr' #26578 will be computed
Autoionizing line 'Fe' #26604 will be computed
Autoionizing line 'Cr' #26621 will be computed
Autoionizing line 'Ca' #26638 will be computed
Autoionizing line 'Fe' #26639 will be computed
Autoionizing line 'Cr' #26640 will be computed
Autoionizing line 'Fe' #26642 will be computed
Autoionizing line 'Cr' #26643 will be computed
Autoionizing line 'Fe' #26646 will be computed
Autoionizing line 'Cu' #26651 will be computed
Autoionizing line 'Ca' #26653 will be computed
Autoionizing line 'Cr' #26704 will be computed
Autoionizing line 'Cr' #26724 will be computed
Autoionizing line 'Fe' #26731 will be computed
Autoionizing line 'Ca' #26733 will be computed
Autoionizing line 'Cr' #26767 will be computed
Autoionizing line 'Cr' #26771 will be computed
Autoionizing line 'Cu' #26791 will be computed
Autoionizing line 'Cr' #26833 will be computed
Autoionizing line 'Fe' #26839 will be computed
Autoionizing line 'Cr' #26887 will be computed
Autoionizing line 'Ca' #26892 will be computed
Autoionizing line 'Cr' #26904 will be computed
Autoionizing line 'Fe' #26977 will be computed
Autoionizing line 'Cr' #26980 will be computed
Autoionizing line 'Cr' #26981 will not be computed
Autoionizing line 'Ca' #26982 will be computed
Autoionizing line 'Cr' #26990 will be computed
Autoionizing line 'Fe' #26992 will be computed
Autoionizing line 'Cr' #27019 will be computed
Autoionizing line 'Cr' #27024 will be computed
Autoionizing line 'Cr' #27031 will be computed
Autoionizing line 'Cr' #27059 will be computed
Autoionizing line 'Cr' #27065 will be computed
Autoionizing line 'Cr' #27074 will be computed
Autoionizing line 'Fe' #27092 will be computed
Autoionizing line 'Cr' #27157 will be computed
Autoionizing line 'Cr' #27167 will be computed
Autoionizing line 'Cr' #27174 will be computed
Autoionizing line 'Cr' #27198 will be computed
Autoionizing line 'Cr' #27230 will be computed
Autoionizing line 'Fe' #27235 will be computed
Autoionizing line 'Cr' #27278 will be computed
Autoionizing line 'Fe' #27281 will be computed
Autoionizing line 'Cr' #27302 will be computed
Autoionizing line 'Cr' #27331 will be computed
Autoionizing line 'Cr' #27332 will be computed
Autoionizing line 'Cr' #27365 will be computed
Autoionizing line 'Fe' #27381 will be computed
Autoionizing line 'Cr' #27426 will be computed
Autoionizing line 'Ca' #27473 will be computed
Autoionizing line 'Ca' #27481 will be computed
Autoionizing line 'Fe' #27537 will be computed
Autoionizing line 'Cr' #27653 will be computed
Autoionizing line 'Mn' #27673 will be computed
Autoionizing line 'Cr' #27678 will be computed
Autoionizing line 'Cr' #27696 will be computed
Autoionizing line 'Cr' #27700 will be computed
Autoionizing line 'Fe' #27741 will be computed
Autoionizing line 'Cr' #27781 will be computed
Autoionizing line 'Fe' #27808 will be computed
Autoionizing line 'Cr' #27829 will be computed
Autoionizing line 'Mn' #27865 will be computed
Autoionizing line 'Mn' #27866 will be computed
Autoionizing line 'Mn' #27869 will be computed
Autoionizing line 'Fe' #27873 will be computed
Autoionizing line 'Cr' #27952 will be computed
Autoionizing line 'Cr' #27973 will be computed
Autoionizing line 'Cr' #27976 will be computed
Autoionizing line 'Fe' #27979 will be computed
Autoionizing line 'Mn' #27981 will be computed
Autoionizing line 'Cr' #28017 will be computed
Autoionizing line 'Fe' #28027 will be computed
Autoionizing line 'Ca' #28037 will be computed
Autoionizing line 'Ca' #28060 will be computed
Autoionizing line 'Ca' #28070 will be computed
Autoionizing line 'Fe' #28112 will be computed
Autoionizing line 'Ca' #28126 will be computed
Autoionizing line 'Ca' #28128 will be computed
Autoionizing line 'Ca' #28164 will be computed
Autoionizing line 'Ca' #28177 will be computed
Autoionizing line 'Mn' #28185 will be computed
Autoionizing line 'Ca' #28195 will be computed
Autoionizing line 'Ca' #28242 will be computed
Autoionizing line 'Fe' #28260 will be computed
Autoionizing line 'Fe' #28401 will be computed
Autoionizing line 'Cr' #28531 will be computed
Autoionizing line 'Cr' #28643 will be computed
Autoionizing line 'Fe' #28746 will be computed
Autoionizing line 'Ca' #28914 will be computed
Autoionizing line 'Ca' #28978 will be computed
Autoionizing line 'Fe' #28981 will be computed
Autoionizing line 'Fe' #28991 will be computed
Autoionizing line 'Fe' #29009 will be computed
Autoionizing line 'Fe' #29023 will be computed
Autoionizing line 'Ca' #29112 will be computed
Autoionizing line 'Ca' #29151 will be computed
Autoionizing line 'S' #29297 will be computed
Autoionizing line 'S' #29300 will be computed
Autoionizing line 'Fe' #29303 will be computed
Autoionizing line 'Cr' #29318 will be computed
Autoionizing line 'Fe' #29331 will be computed
Autoionizing line 'Fe' #29354 will be computed
Autoionizing line 'Mn' #29385 will be computed
Autoionizing line 'Cr' #29386 will be computed
Autoionizing line 'Ca' #29403 will be computed
Autoionizing line 'Cr' #29420 will be computed
Autoionizing line 'Mn' #29427 will be computed
Autoionizing line 'Cu' #29432 will be computed
Autoionizing line 'Mn' #29448 will be computed
Autoionizing line 'Mn' #29456 will be computed
Autoionizing line 'Ca' #29481 will be computed
Autoionizing line 'Mn' #29485 will be computed
Autoionizing line 'Fe' #29503 will be computed
Autoionizing line 'Cr' #29528 will be computed
Autoionizing line 'Mn' #29533 will be computed
Autoionizing line 'Cr' #29534 will be computed
Autoionizing line 'Mn' #29538 will be computed
Autoionizing line 'Mn' #29594 will be computed
Autoionizing line 'Fe' #29603 will be computed
Autoionizing line 'Fe' #29615 will be computed
Autoionizing line 'Mn' #29621 will be computed
Autoionizing line 'Fe' #29665 will be computed
Autoionizing line 'Mn' #29678 will be computed
Autoionizing line 'Fe' #29692 will be computed
Autoionizing line 'Ca' #29693 will be computed
Autoionizing line 'Ca' #29785 will be computed
Autoionizing line 'Mn' #29832 will be computed
Autoionizing line 'Ca' #29849 will be computed
Autoionizing line 'Ca' #29904 will be computed
Autoionizing line 'Cr' #29966 will be computed
Autoionizing line 'Fe' #29999 will be computed
Autoionizing line 'Fe' #30064 will be computed
Autoionizing line 'Mn' #30133 will be computed
Autoionizing line 'Cr' #30136 will be computed
Autoionizing line 'Fe' #30160 will be computed
Autoionizing line 'Mn' #30164 will be computed
Autoionizing line 'Mn' #30174 will be computed
Autoionizing line 'Mn' #30176 will be computed
Autoionizing line 'Mn' #30242 will be computed
Autoionizing line 'Ca' #30279 will be computed
Autoionizing line 'Cr' #30355 will be computed
Autoionizing line 'Fe' #30428 will be computed
Autoionizing line 'Ca' #30443 will be computed
Autoionizing line 'Ca' #30481 will be computed
Autoionizing line 'Ca' #30517 will be computed
Autoionizing line 'Mn' #30520 will be computed
Autoionizing line 'Ca' #30521 will be computed
Autoionizing line 'Mn' #30524 will be computed
Autoionizing line 'Ca' #30547 will be computed
Autoionizing line 'Ca' #30566 will be computed
Autoionizing line 'Ca' #30593 will be computed
Autoionizing line 'Fe' #30733 will be computed
Autoionizing line 'Ca' #30892 will be computed
Autoionizing line 'Fe' #30901 will be computed
Autoionizing line 'Fe' #30950 will be computed
Autoionizing line 'Fe' #30958 will be computed
Autoionizing line 'Fe' #31072 will be computed
Autoionizing line 'Fe' #31144 will be computed
Autoionizing line 'Cr' #31170 will be computed
Autoionizing line 'Cr' #31206 will be computed
Autoionizing line 'Fe' #31260 will be computed
Autoionizing line 'Ca' #31290 will be computed
Autoionizing line 'Fe' #31303 will be computed
Autoionizing line 'Ca' #31318 will be computed
Autoionizing line 'Ca' #31333 will be computed
Autoionizing line 'Ca' #31475 will be computed
Autoionizing line 'Ca' #31502 will be computed
Autoionizing line 'Ca' #31514 will be computed
Autoionizing line 'Ca' #31520 will be computed
Autoionizing line 'Ca' #31524 will be computed
Autoionizing line 'Ca' #31543 will be computed
Autoionizing line 'Fe' #31545 will be computed
Autoionizing line 'Ca' #31568 will be computed
Autoionizing line 'Ca' #31600 will be computed
Autoionizing line 'Ca' #31606 will be computed
Autoionizing line 'Ca' #31622 will be computed
Autoionizing line 'Ca' #31625 will be computed
Autoionizing line 'Ca' #31747 will be computed
Autoionizing line 'Cr' #31788 will be computed
Autoionizing line 'Ca' #31829 will be computed
Autoionizing line 'Ca' #31858 will be computed
Autoionizing line 'Ca' #31878 will be computed
Autoionizing line 'Ca' #31880 will be computed
Autoionizing line 'Ca' #31881 will be computed
Autoionizing line 'Ca' #31883 will be computed
Autoionizing line 'Ca' #31884 will be computed
Autoionizing line 'Ca' #31939 will be computed
Autoionizing line 'Ca' #31944 will be computed
Autoionizing line 'Fe' #32032 will be computed
Autoionizing line 'Ca' #32254 will be computed
Autoionizing line 'Ca' #32257 will be computed
Autoionizing line 'Ca' #32342 will be computed
Autoionizing line 'Ca' #32351 will be computed
Autoionizing line 'Ca' #32362 will be computed
Autoionizing line 'Cr' #32443 will be computed
Autoionizing line 'Cr' #32467 will be computed
Autoionizing line 'Fe' #32522 will be computed
Autoionizing line 'Ca' #32641 will be computed
Autoionizing line 'Ca' #32725 will be computed
Autoionizing line 'Ca' #32752 will be computed
Autoionizing line 'Ca' #32770 will be computed
Autoionizing line 'Ca' #32781 will be computed
Autoionizing line 'Ca' #32797 will be computed
Autoionizing line 'Fe' #32800 will be computed
Autoionizing line 'Ca' #32810 will be computed
Autoionizing line 'Ca' #32811 will be computed
Autoionizing line 'Ca' #32819 will be computed
Autoionizing line 'Ca' #32824 will be computed
Autoionizing line 'Ca' #32832 will be computed
Autoionizing line 'Ca' #32836 will be computed
Autoionizing line 'Ca' #32853 will be computed
Autoionizing line 'Cr' #33039 will be computed
Autoionizing line 'Ca' #33090 will be computed
